<?xml version="1.0" encoding="UTF-8"?>
<testng-results ignored="0" total="1" passed="1" failed="0" skipped="0">
  <reporter-output>
  </reporter-output>
  <suite started-at="2023-07-08T11:21:48 IST" name="Default suite" finished-at="2023-07-08T11:22:01 IST" duration-ms="12499">
    <groups>
    </groups>
    <test started-at="2023-07-08T11:21:48 IST" name="Default test" finished-at="2023-07-08T11:22:01 IST" duration-ms="12499">
      <class name="com.Testcases.Facebook_Login">
        <test-method is-config="true" signature="Launch()[pri:0, instance:com.Testcases.Facebook_Login@6bd61f98]" started-at="2023-07-08T11:21:48 IST" name="Launch" finished-at="2023-07-08T11:21:51 IST" duration-ms="2534" status="PASS">
          <reporter-output>
          </reporter-output>
        </test-method> <!-- Launch -->
        <test-method signature="Login()[pri:0, instance:com.Testcases.Facebook_Login@6bd61f98]" started-at="2023-07-08T11:21:51 IST" name="Login" finished-at="2023-07-08T11:22:01 IST" duration-ms="9576" status="PASS">
          <reporter-output>
          </reporter-output>
        </test-method> <!-- Login -->
        <test-method is-config="true" signature="Closebrowser()[pri:0, instance:com.Testcases.Facebook_Login@6bd61f98]" started-at="2023-07-08T11:22:01 IST" name="Closebrowser" finished-at="2023-07-08T11:22:01 IST" duration-ms="349" status="PASS">
          <reporter-output>
          </reporter-output>
        </test-method> <!-- Closebrowser -->
      </class> <!-- com.Testcases.Facebook_Login -->
    </test> <!-- Default test -->
  </suite> <!-- Default suite -->
</testng-results>
